<?xml version="1.0" encoding="UTF-8"?>
<!-- Generated by org.testng.reporters.JUnitReportReporter -->
<testsuite hostname="LAPTOP-MCE9IVK4" failures="0" tests="1" name="Maventest2.PolicySearch" time="25.122" errors="0" timestamp="2024-06-17T16:41:00 IST" skipped="0">
  <testcase classname="Maventest2.PolicySearch" name="quotesearch" time="25.122"/>
</testsuite> <!-- Maventest2.PolicySearch -->
