<?xml version="1.0" encoding="UTF-8"?>
<!-- Generated by org.testng.reporters.JUnitReportReporter -->
<testsuite hostname="LAPTOP-MCE9IVK4" failures="0" tests="3" name="Maventest2.Reporting_test" time="0.009" errors="0" timestamp="2024-05-29T20:18:45 IST" skipped="0">
  <testcase classname="Maventest2.Reporting_test" name="login_core" time="0.001"/>
  <testcase classname="Maventest2.Reporting_test" name="login_employee" time="0.001"/>
  <testcase classname="Maventest2.Reporting_test" name="login_agent" time="0.007"/>
</testsuite> <!-- Maventest2.Reporting_test -->
