<?xml version="1.0" encoding="UTF-8"?>
<!-- Generated by org.testng.reporters.JUnitReportReporter -->
<testsuite hostname="LAPTOP-MCE9IVK4" failures="0" tests="3" name="Maventest2.ReportingTest" time="0.010" errors="0" timestamp="2024-06-14T18:14:58 IST" skipped="0">
  <testcase classname="Maventest2.ReportingTest" name="login_agent" time="0.008"/>
  <testcase classname="Maventest2.ReportingTest" name="login_employee" time="0.001"/>
  <testcase classname="Maventest2.ReportingTest" name="login_core" time="0.001"/>
</testsuite> <!-- Maventest2.ReportingTest -->
